-------------------------------------------------------------------------------
Test set: TestSuite
-------------------------------------------------------------------------------
Tests run: 1, Failures: 1, Errors: 0, Skipped: 0, Time elapsed: 38.255 s <<< FAILURE! - in TestSuite
test.UsingPricingCalculatorTest.testTotalMonthlyCostDisplayedCorrectlyInEmail  Time elapsed: 33.603 s  <<< FAILURE!
java.lang.AssertionError: Estimate Cost from email not equals to calculator expected [null] but found [USD 978.37]
	at test.UsingPricingCalculatorTest.testTotalMonthlyCostDisplayedCorrectlyInEmail(UsingPricingCalculatorTest.java:36)

